<?xml version="1.0" encoding="UTF-8"?>
<testsuite xmlns:xsi="http://www.w3.org/2001/XMLSchema-instance" xsi:noNamespaceSchemaLocation="https://maven.apache.org/surefire/maven-surefire-plugin/xsd/surefire-test-report.xsd" version="3.0.2" name="com.example.genShop.GenShopApplicationTests" time="8.779" tests="1" errors="0" skipped="0" failures="0">
  <properties>
    <property name="java.specification.version" value="25"/>
    <property name="sun.jnu.encoding" value="UTF-8"/>
    <property name="java.class.path" value="/home/vero/genShop/target/test-classes:/home/vero/genShop/target/classes:/root/.m2/repository/org/springframework/boot/spring-boot-starter-data-jpa/4.0.0-M3/spring-boot-starter-data-jpa-4.0.0-M3.jar:/root/.m2/repository/org/springframework/boot/spring-boot-starter/4.0.0-M3/spring-boot-starter-4.0.0-M3.jar:/root/.m2/repository/org/springframework/boot/spring-boot-starter-logging/4.0.0-M3/spring-boot-starter-logging-4.0.0-M3.jar:/root/.m2/repository/ch/qos/logback/logback-classic/1.5.18/logback-classic-1.5.18.jar:/root/.m2/repository/ch/qos/logback/logback-core/1.5.18/logback-core-1.5.18.jar:/root/.m2/repository/org/apache/logging/log4j/log4j-to-slf4j/2.24.3/log4j-to-slf4j-2.24.3.jar:/root/.m2/repository/org/apache/logging/log4j/log4j-api/2.24.3/log4j-api-2.24.3.jar:/root/.m2/repository/org/slf4j/jul-to-slf4j/2.0.17/jul-to-slf4j-2.0.17.jar:/root/.m2/repository/jakarta/annotation/jakarta.annotation-api/3.0.0/jakarta.annotation-api-3.0.0.jar:/root/.m2/repository/org/yaml/snakeyaml/2.5/snakeyaml-2.5.jar:/root/.m2/repository/org/springframework/boot/spring-boot-starter-jdbc/4.0.0-M3/spring-boot-starter-jdbc-4.0.0-M3.jar:/root/.m2/repository/com/zaxxer/HikariCP/7.0.2/HikariCP-7.0.2.jar:/root/.m2/repository/org/springframework/boot/spring-boot-data-jpa/4.0.0-M3/spring-boot-data-jpa-4.0.0-M3.jar:/root/.m2/repository/org/springframework/boot/spring-boot-data-commons/4.0.0-M3/spring-boot-data-commons-4.0.0-M3.jar:/root/.m2/repository/org/springframework/boot/spring-boot-persistence/4.0.0-M3/spring-boot-persistence-4.0.0-M3.jar:/root/.m2/repository/org/springframework/data/spring-data-commons/4.0.0-M6/spring-data-commons-4.0.0-M6.jar:/root/.m2/repository/org/springframework/boot/spring-boot-hibernate/4.0.0-M3/spring-boot-hibernate-4.0.0-M3.jar:/root/.m2/repository/org/springframework/boot/spring-boot-jpa/4.0.0-M3/spring-boot-jpa-4.0.0-M3.jar:/root/.m2/repository/jakarta/persistence/jakarta.persistence-api/3.2.0/jakarta.persistence-api-3.2.0.jar:/root/.m2/repository/org/hibernate/orm/hibernate-core/7.1.1.Final/hibernate-core-7.1.1.Final.jar:/root/.m2/repository/jakarta/transaction/jakarta.transaction-api/2.0.1/jakarta.transaction-api-2.0.1.jar:/root/.m2/repository/org/jboss/logging/jboss-logging/3.6.1.Final/jboss-logging-3.6.1.Final.jar:/root/.m2/repository/org/hibernate/models/hibernate-models/1.0.1/hibernate-models-1.0.1.jar:/root/.m2/repository/com/fasterxml/classmate/1.7.0/classmate-1.7.0.jar:/root/.m2/repository/org/glassfish/jaxb/jaxb-runtime/4.0.5/jaxb-runtime-4.0.5.jar:/root/.m2/repository/org/glassfish/jaxb/jaxb-core/4.0.5/jaxb-core-4.0.5.jar:/root/.m2/repository/org/eclipse/angus/angus-activation/2.0.2/angus-activation-2.0.2.jar:/root/.m2/repository/org/glassfish/jaxb/txw2/4.0.5/txw2-4.0.5.jar:/root/.m2/repository/com/sun/istack/istack-commons-runtime/4.1.2/istack-commons-runtime-4.1.2.jar:/root/.m2/repository/jakarta/inject/jakarta.inject-api/2.0.1/jakarta.inject-api-2.0.1.jar:/root/.m2/repository/org/springframework/spring-orm/7.0.0-M9/spring-orm-7.0.0-M9.jar:/root/.m2/repository/org/springframework/data/spring-data-jpa/4.0.0-M6/spring-data-jpa-4.0.0-M6.jar:/root/.m2/repository/org/springframework/spring-tx/7.0.0-M9/spring-tx-7.0.0-M9.jar:/root/.m2/repository/org/antlr/antlr4-runtime/4.13.2/antlr4-runtime-4.13.2.jar:/root/.m2/repository/org/springframework/spring-aspects/7.0.0-M9/spring-aspects-7.0.0-M9.jar:/root/.m2/repository/org/aspectj/aspectjweaver/1.9.24/aspectjweaver-1.9.24.jar:/root/.m2/repository/org/springframework/boot/spring-boot-jdbc/4.0.0-M3/spring-boot-jdbc-4.0.0-M3.jar:/root/.m2/repository/org/springframework/boot/spring-boot-sql/4.0.0-M3/spring-boot-sql-4.0.0-M3.jar:/root/.m2/repository/org/springframework/spring-jdbc/7.0.0-M9/spring-jdbc-7.0.0-M9.jar:/root/.m2/repository/org/springframework/boot/spring-boot-tx/4.0.0-M3/spring-boot-tx-4.0.0-M3.jar:/root/.m2/repository/org/springframework/boot/spring-boot-starter-security/4.0.0-M3/spring-boot-starter-security-4.0.0-M3.jar:/root/.m2/repository/org/springframework/boot/spring-boot-security/4.0.0-M3/spring-boot-security-4.0.0-M3.jar:/root/.m2/repository/org/springframework/security/spring-security-config/7.0.0-M3/spring-security-config-7.0.0-M3.jar:/root/.m2/repository/org/springframework/spring-aop/7.0.0-M9/spring-aop-7.0.0-M9.jar:/root/.m2/repository/org/springframework/spring-beans/7.0.0-M9/spring-beans-7.0.0-M9.jar:/root/.m2/repository/org/springframework/boot/spring-boot-starter-thymeleaf/4.0.0-M3/spring-boot-starter-thymeleaf-4.0.0-M3.jar:/root/.m2/repository/org/springframework/boot/spring-boot-thymeleaf/4.0.0-M3/spring-boot-thymeleaf-4.0.0-M3.jar:/root/.m2/repository/org/springframework/spring-web/7.0.0-M9/spring-web-7.0.0-M9.jar:/root/.m2/repository/org/springframework/boot/spring-boot-starter-webmvc/4.0.0-M3/spring-boot-starter-webmvc-4.0.0-M3.jar:/root/.m2/repository/org/springframework/boot/spring-boot-starter-jackson/4.0.0-M3/spring-boot-starter-jackson-4.0.0-M3.jar:/root/.m2/repository/org/springframework/boot/spring-boot-jackson/4.0.0-M3/spring-boot-jackson-4.0.0-M3.jar:/root/.m2/repository/tools/jackson/core/jackson-databind/3.0.0-rc9/jackson-databind-3.0.0-rc9.jar:/root/.m2/repository/com/fasterxml/jackson/core/jackson-annotations/2.20/jackson-annotations-2.20.jar:/root/.m2/repository/tools/jackson/core/jackson-core/3.0.0-rc9/jackson-core-3.0.0-rc9.jar:/root/.m2/repository/org/springframework/boot/spring-boot-starter-tomcat/4.0.0-M3/spring-boot-starter-tomcat-4.0.0-M3.jar:/root/.m2/repository/org/springframework/boot/spring-boot-tomcat/4.0.0-M3/spring-boot-tomcat-4.0.0-M3.jar:/root/.m2/repository/org/springframework/boot/spring-boot-web-server/4.0.0-M3/spring-boot-web-server-4.0.0-M3.jar:/root/.m2/repository/org/apache/tomcat/embed/tomcat-embed-core/11.0.11/tomcat-embed-core-11.0.11.jar:/root/.m2/repository/org/apache/tomcat/embed/tomcat-embed-el/11.0.11/tomcat-embed-el-11.0.11.jar:/root/.m2/repository/org/apache/tomcat/embed/tomcat-embed-websocket/11.0.11/tomcat-embed-websocket-11.0.11.jar:/root/.m2/repository/org/springframework/boot/spring-boot-http-converter/4.0.0-M3/spring-boot-http-converter-4.0.0-M3.jar:/root/.m2/repository/org/springframework/boot/spring-boot-webmvc/4.0.0-M3/spring-boot-webmvc-4.0.0-M3.jar:/root/.m2/repository/org/springframework/boot/spring-boot-servlet/4.0.0-M3/spring-boot-servlet-4.0.0-M3.jar:/root/.m2/repository/org/springframework/spring-webmvc/7.0.0-M9/spring-webmvc-7.0.0-M9.jar:/root/.m2/repository/org/thymeleaf/extras/thymeleaf-extras-springsecurity6/3.1.3.RELEASE/thymeleaf-extras-springsecurity6-3.1.3.RELEASE.jar:/root/.m2/repository/org/thymeleaf/thymeleaf-spring6/3.1.3.RELEASE/thymeleaf-spring6-3.1.3.RELEASE.jar:/root/.m2/repository/org/thymeleaf/thymeleaf/3.1.3.RELEASE/thymeleaf-3.1.3.RELEASE.jar:/root/.m2/repository/org/attoparser/attoparser/2.0.7.RELEASE/attoparser-2.0.7.RELEASE.jar:/root/.m2/repository/org/unbescape/unbescape/1.1.6.RELEASE/unbescape-1.1.6.RELEASE.jar:/root/.m2/repository/org/slf4j/slf4j-api/2.0.17/slf4j-api-2.0.17.jar:/root/.m2/repository/org/springframework/boot/spring-boot-devtools/4.0.0-M3/spring-boot-devtools-4.0.0-M3.jar:/root/.m2/repository/org/springframework/boot/spring-boot/4.0.0-M3/spring-boot-4.0.0-M3.jar:/root/.m2/repository/org/springframework/spring-context/7.0.0-M9/spring-context-7.0.0-M9.jar:/root/.m2/repository/org/springframework/boot/spring-boot-autoconfigure/4.0.0-M3/spring-boot-autoconfigure-4.0.0-M3.jar:/root/.m2/repository/org/postgresql/postgresql/42.7.7/postgresql-42.7.7.jar:/root/.m2/repository/org/checkerframework/checker-qual/3.49.3/checker-qual-3.49.3.jar:/root/.m2/repository/org/springframework/boot/spring-boot-starter-test/4.0.0-M3/spring-boot-starter-test-4.0.0-M3.jar:/root/.m2/repository/org/springframework/boot/spring-boot-test/4.0.0-M3/spring-boot-test-4.0.0-M3.jar:/root/.m2/repository/org/springframework/boot/spring-boot-restclient-test/4.0.0-M3/spring-boot-restclient-test-4.0.0-M3.jar:/root/.m2/repository/org/springframework/boot/spring-boot-test-autoconfigure/4.0.0-M3/spring-boot-test-autoconfigure-4.0.0-M3.jar:/root/.m2/repository/org/springframework/boot/spring-boot-web-server-test/4.0.0-M3/spring-boot-web-server-test-4.0.0-M3.jar:/root/.m2/repository/com/jayway/jsonpath/json-path/2.9.0/json-path-2.9.0.jar:/root/.m2/repository/jakarta/xml/bind/jakarta.xml.bind-api/4.0.2/jakarta.xml.bind-api-4.0.2.jar:/root/.m2/repository/jakarta/activation/jakarta.activation-api/2.1.4/jakarta.activation-api-2.1.4.jar:/root/.m2/repository/net/minidev/json-smart/2.6.0/json-smart-2.6.0.jar:/root/.m2/repository/net/minidev/accessors-smart/2.6.0/accessors-smart-2.6.0.jar:/root/.m2/repository/org/ow2/asm/asm/9.7.1/asm-9.7.1.jar:/root/.m2/repository/org/assertj/assertj-core/3.27.4/assertj-core-3.27.4.jar:/root/.m2/repository/net/bytebuddy/byte-buddy/1.17.7/byte-buddy-1.17.7.jar:/root/.m2/repository/org/awaitility/awaitility/4.3.0/awaitility-4.3.0.jar:/root/.m2/repository/org/hamcrest/hamcrest/3.0/hamcrest-3.0.jar:/root/.m2/repository/org/junit/jupiter/junit-jupiter/5.13.4/junit-jupiter-5.13.4.jar:/root/.m2/repository/org/junit/jupiter/junit-jupiter-api/5.13.4/junit-jupiter-api-5.13.4.jar:/root/.m2/repository/org/opentest4j/opentest4j/1.3.0/opentest4j-1.3.0.jar:/root/.m2/repository/org/junit/platform/junit-platform-commons/1.13.4/junit-platform-commons-1.13.4.jar:/root/.m2/repository/org/apiguardian/apiguardian-api/1.1.2/apiguardian-api-1.1.2.jar:/root/.m2/repository/org/junit/jupiter/junit-jupiter-params/5.13.4/junit-jupiter-params-5.13.4.jar:/root/.m2/repository/org/junit/jupiter/junit-jupiter-engine/5.13.4/junit-jupiter-engine-5.13.4.jar:/root/.m2/repository/org/junit/platform/junit-platform-engine/1.13.4/junit-platform-engine-1.13.4.jar:/root/.m2/repository/org/mockito/mockito-core/5.19.0/mockito-core-5.19.0.jar:/root/.m2/repository/net/bytebuddy/byte-buddy-agent/1.17.7/byte-buddy-agent-1.17.7.jar:/root/.m2/repository/org/objenesis/objenesis/3.3/objenesis-3.3.jar:/root/.m2/repository/org/mockito/mockito-junit-jupiter/5.19.0/mockito-junit-jupiter-5.19.0.jar:/root/.m2/repository/org/skyscreamer/jsonassert/1.5.3/jsonassert-1.5.3.jar:/root/.m2/repository/com/vaadin/external/google/android-json/0.0.20131108.vaadin1/android-json-0.0.20131108.vaadin1.jar:/root/.m2/repository/org/springframework/spring-core/7.0.0-M9/spring-core-7.0.0-M9.jar:/root/.m2/repository/commons-logging/commons-logging/1.3.5/commons-logging-1.3.5.jar:/root/.m2/repository/org/jspecify/jspecify/1.0.0/jspecify-1.0.0.jar:/root/.m2/repository/org/springframework/spring-test/7.0.0-M9/spring-test-7.0.0-M9.jar:/root/.m2/repository/org/xmlunit/xmlunit-core/2.10.4/xmlunit-core-2.10.4.jar:/root/.m2/repository/org/springframework/security/spring-security-test/7.0.0-M3/spring-security-test-7.0.0-M3.jar:/root/.m2/repository/org/springframework/security/spring-security-core/7.0.0-M3/spring-security-core-7.0.0-M3.jar:/root/.m2/repository/org/springframework/security/spring-security-crypto/7.0.0-M3/spring-security-crypto-7.0.0-M3.jar:/root/.m2/repository/org/springframework/spring-expression/7.0.0-M9/spring-expression-7.0.0-M9.jar:/root/.m2/repository/io/micrometer/micrometer-observation/1.16.0-M3/micrometer-observation-1.16.0-M3.jar:/root/.m2/repository/io/micrometer/micrometer-commons/1.16.0-M3/micrometer-commons-1.16.0-M3.jar:/root/.m2/repository/org/springframework/security/spring-security-web/7.0.0-M3/spring-security-web-7.0.0-M3.jar:"/>
    <property name="java.vm.vendor" value="Ubuntu"/>
    <property name="sun.arch.data.model" value="64"/>
    <property name="java.vendor.url" value="https://ubuntu.com/"/>
    <property name="user.timezone" value="Europe/Madrid"/>
    <property name="org.jboss.logging.provider" value="slf4j"/>
    <property name="os.name" value="Linux"/>
    <property name="java.vm.specification.version" value="25"/>
    <property name="APPLICATION_NAME" value="genShop"/>
    <property name="sun.java.launcher" value="SUN_STANDARD"/>
    <property name="sun.boot.library.path" value="/usr/lib/jvm/java-25-openjdk-amd64/lib"/>
    <property name="sun.java.command" value="/home/vero/genShop/target/surefire/surefirebooter-20251026181819558_3.jar /home/vero/genShop/target/surefire 2025-10-26T18-18-18_419-jvmRun1 surefire-20251026181819558_1tmp surefire_0-20251026181819558_2tmp"/>
    <property name="jdk.debug" value="release"/>
    <property name="surefire.test.class.path" value="/home/vero/genShop/target/test-classes:/home/vero/genShop/target/classes:/root/.m2/repository/org/springframework/boot/spring-boot-starter-data-jpa/4.0.0-M3/spring-boot-starter-data-jpa-4.0.0-M3.jar:/root/.m2/repository/org/springframework/boot/spring-boot-starter/4.0.0-M3/spring-boot-starter-4.0.0-M3.jar:/root/.m2/repository/org/springframework/boot/spring-boot-starter-logging/4.0.0-M3/spring-boot-starter-logging-4.0.0-M3.jar:/root/.m2/repository/ch/qos/logback/logback-classic/1.5.18/logback-classic-1.5.18.jar:/root/.m2/repository/ch/qos/logback/logback-core/1.5.18/logback-core-1.5.18.jar:/root/.m2/repository/org/apache/logging/log4j/log4j-to-slf4j/2.24.3/log4j-to-slf4j-2.24.3.jar:/root/.m2/repository/org/apache/logging/log4j/log4j-api/2.24.3/log4j-api-2.24.3.jar:/root/.m2/repository/org/slf4j/jul-to-slf4j/2.0.17/jul-to-slf4j-2.0.17.jar:/root/.m2/repository/jakarta/annotation/jakarta.annotation-api/3.0.0/jakarta.annotation-api-3.0.0.jar:/root/.m2/repository/org/yaml/snakeyaml/2.5/snakeyaml-2.5.jar:/root/.m2/repository/org/springframework/boot/spring-boot-starter-jdbc/4.0.0-M3/spring-boot-starter-jdbc-4.0.0-M3.jar:/root/.m2/repository/com/zaxxer/HikariCP/7.0.2/HikariCP-7.0.2.jar:/root/.m2/repository/org/springframework/boot/spring-boot-data-jpa/4.0.0-M3/spring-boot-data-jpa-4.0.0-M3.jar:/root/.m2/repository/org/springframework/boot/spring-boot-data-commons/4.0.0-M3/spring-boot-data-commons-4.0.0-M3.jar:/root/.m2/repository/org/springframework/boot/spring-boot-persistence/4.0.0-M3/spring-boot-persistence-4.0.0-M3.jar:/root/.m2/repository/org/springframework/data/spring-data-commons/4.0.0-M6/spring-data-commons-4.0.0-M6.jar:/root/.m2/repository/org/springframework/boot/spring-boot-hibernate/4.0.0-M3/spring-boot-hibernate-4.0.0-M3.jar:/root/.m2/repository/org/springframework/boot/spring-boot-jpa/4.0.0-M3/spring-boot-jpa-4.0.0-M3.jar:/root/.m2/repository/jakarta/persistence/jakarta.persistence-api/3.2.0/jakarta.persistence-api-3.2.0.jar:/root/.m2/repository/org/hibernate/orm/hibernate-core/7.1.1.Final/hibernate-core-7.1.1.Final.jar:/root/.m2/repository/jakarta/transaction/jakarta.transaction-api/2.0.1/jakarta.transaction-api-2.0.1.jar:/root/.m2/repository/org/jboss/logging/jboss-logging/3.6.1.Final/jboss-logging-3.6.1.Final.jar:/root/.m2/repository/org/hibernate/models/hibernate-models/1.0.1/hibernate-models-1.0.1.jar:/root/.m2/repository/com/fasterxml/classmate/1.7.0/classmate-1.7.0.jar:/root/.m2/repository/org/glassfish/jaxb/jaxb-runtime/4.0.5/jaxb-runtime-4.0.5.jar:/root/.m2/repository/org/glassfish/jaxb/jaxb-core/4.0.5/jaxb-core-4.0.5.jar:/root/.m2/repository/org/eclipse/angus/angus-activation/2.0.2/angus-activation-2.0.2.jar:/root/.m2/repository/org/glassfish/jaxb/txw2/4.0.5/txw2-4.0.5.jar:/root/.m2/repository/com/sun/istack/istack-commons-runtime/4.1.2/istack-commons-runtime-4.1.2.jar:/root/.m2/repository/jakarta/inject/jakarta.inject-api/2.0.1/jakarta.inject-api-2.0.1.jar:/root/.m2/repository/org/springframework/spring-orm/7.0.0-M9/spring-orm-7.0.0-M9.jar:/root/.m2/repository/org/springframework/data/spring-data-jpa/4.0.0-M6/spring-data-jpa-4.0.0-M6.jar:/root/.m2/repository/org/springframework/spring-tx/7.0.0-M9/spring-tx-7.0.0-M9.jar:/root/.m2/repository/org/antlr/antlr4-runtime/4.13.2/antlr4-runtime-4.13.2.jar:/root/.m2/repository/org/springframework/spring-aspects/7.0.0-M9/spring-aspects-7.0.0-M9.jar:/root/.m2/repository/org/aspectj/aspectjweaver/1.9.24/aspectjweaver-1.9.24.jar:/root/.m2/repository/org/springframework/boot/spring-boot-jdbc/4.0.0-M3/spring-boot-jdbc-4.0.0-M3.jar:/root/.m2/repository/org/springframework/boot/spring-boot-sql/4.0.0-M3/spring-boot-sql-4.0.0-M3.jar:/root/.m2/repository/org/springframework/spring-jdbc/7.0.0-M9/spring-jdbc-7.0.0-M9.jar:/root/.m2/repository/org/springframework/boot/spring-boot-tx/4.0.0-M3/spring-boot-tx-4.0.0-M3.jar:/root/.m2/repository/org/springframework/boot/spring-boot-starter-security/4.0.0-M3/spring-boot-starter-security-4.0.0-M3.jar:/root/.m2/repository/org/springframework/boot/spring-boot-security/4.0.0-M3/spring-boot-security-4.0.0-M3.jar:/root/.m2/repository/org/springframework/security/spring-security-config/7.0.0-M3/spring-security-config-7.0.0-M3.jar:/root/.m2/repository/org/springframework/spring-aop/7.0.0-M9/spring-aop-7.0.0-M9.jar:/root/.m2/repository/org/springframework/spring-beans/7.0.0-M9/spring-beans-7.0.0-M9.jar:/root/.m2/repository/org/springframework/boot/spring-boot-starter-thymeleaf/4.0.0-M3/spring-boot-starter-thymeleaf-4.0.0-M3.jar:/root/.m2/repository/org/springframework/boot/spring-boot-thymeleaf/4.0.0-M3/spring-boot-thymeleaf-4.0.0-M3.jar:/root/.m2/repository/org/springframework/spring-web/7.0.0-M9/spring-web-7.0.0-M9.jar:/root/.m2/repository/org/springframework/boot/spring-boot-starter-webmvc/4.0.0-M3/spring-boot-starter-webmvc-4.0.0-M3.jar:/root/.m2/repository/org/springframework/boot/spring-boot-starter-jackson/4.0.0-M3/spring-boot-starter-jackson-4.0.0-M3.jar:/root/.m2/repository/org/springframework/boot/spring-boot-jackson/4.0.0-M3/spring-boot-jackson-4.0.0-M3.jar:/root/.m2/repository/tools/jackson/core/jackson-databind/3.0.0-rc9/jackson-databind-3.0.0-rc9.jar:/root/.m2/repository/com/fasterxml/jackson/core/jackson-annotations/2.20/jackson-annotations-2.20.jar:/root/.m2/repository/tools/jackson/core/jackson-core/3.0.0-rc9/jackson-core-3.0.0-rc9.jar:/root/.m2/repository/org/springframework/boot/spring-boot-starter-tomcat/4.0.0-M3/spring-boot-starter-tomcat-4.0.0-M3.jar:/root/.m2/repository/org/springframework/boot/spring-boot-tomcat/4.0.0-M3/spring-boot-tomcat-4.0.0-M3.jar:/root/.m2/repository/org/springframework/boot/spring-boot-web-server/4.0.0-M3/spring-boot-web-server-4.0.0-M3.jar:/root/.m2/repository/org/apache/tomcat/embed/tomcat-embed-core/11.0.11/tomcat-embed-core-11.0.11.jar:/root/.m2/repository/org/apache/tomcat/embed/tomcat-embed-el/11.0.11/tomcat-embed-el-11.0.11.jar:/root/.m2/repository/org/apache/tomcat/embed/tomcat-embed-websocket/11.0.11/tomcat-embed-websocket-11.0.11.jar:/root/.m2/repository/org/springframework/boot/spring-boot-http-converter/4.0.0-M3/spring-boot-http-converter-4.0.0-M3.jar:/root/.m2/repository/org/springframework/boot/spring-boot-webmvc/4.0.0-M3/spring-boot-webmvc-4.0.0-M3.jar:/root/.m2/repository/org/springframework/boot/spring-boot-servlet/4.0.0-M3/spring-boot-servlet-4.0.0-M3.jar:/root/.m2/repository/org/springframework/spring-webmvc/7.0.0-M9/spring-webmvc-7.0.0-M9.jar:/root/.m2/repository/org/thymeleaf/extras/thymeleaf-extras-springsecurity6/3.1.3.RELEASE/thymeleaf-extras-springsecurity6-3.1.3.RELEASE.jar:/root/.m2/repository/org/thymeleaf/thymeleaf-spring6/3.1.3.RELEASE/thymeleaf-spring6-3.1.3.RELEASE.jar:/root/.m2/repository/org/thymeleaf/thymeleaf/3.1.3.RELEASE/thymeleaf-3.1.3.RELEASE.jar:/root/.m2/repository/org/attoparser/attoparser/2.0.7.RELEASE/attoparser-2.0.7.RELEASE.jar:/root/.m2/repository/org/unbescape/unbescape/1.1.6.RELEASE/unbescape-1.1.6.RELEASE.jar:/root/.m2/repository/org/slf4j/slf4j-api/2.0.17/slf4j-api-2.0.17.jar:/root/.m2/repository/org/springframework/boot/spring-boot-devtools/4.0.0-M3/spring-boot-devtools-4.0.0-M3.jar:/root/.m2/repository/org/springframework/boot/spring-boot/4.0.0-M3/spring-boot-4.0.0-M3.jar:/root/.m2/repository/org/springframework/spring-context/7.0.0-M9/spring-context-7.0.0-M9.jar:/root/.m2/repository/org/springframework/boot/spring-boot-autoconfigure/4.0.0-M3/spring-boot-autoconfigure-4.0.0-M3.jar:/root/.m2/repository/org/postgresql/postgresql/42.7.7/postgresql-42.7.7.jar:/root/.m2/repository/org/checkerframework/checker-qual/3.49.3/checker-qual-3.49.3.jar:/root/.m2/repository/org/springframework/boot/spring-boot-starter-test/4.0.0-M3/spring-boot-starter-test-4.0.0-M3.jar:/root/.m2/repository/org/springframework/boot/spring-boot-test/4.0.0-M3/spring-boot-test-4.0.0-M3.jar:/root/.m2/repository/org/springframework/boot/spring-boot-restclient-test/4.0.0-M3/spring-boot-restclient-test-4.0.0-M3.jar:/root/.m2/repository/org/springframework/boot/spring-boot-test-autoconfigure/4.0.0-M3/spring-boot-test-autoconfigure-4.0.0-M3.jar:/root/.m2/repository/org/springframework/boot/spring-boot-web-server-test/4.0.0-M3/spring-boot-web-server-test-4.0.0-M3.jar:/root/.m2/repository/com/jayway/jsonpath/json-path/2.9.0/json-path-2.9.0.jar:/root/.m2/repository/jakarta/xml/bind/jakarta.xml.bind-api/4.0.2/jakarta.xml.bind-api-4.0.2.jar:/root/.m2/repository/jakarta/activation/jakarta.activation-api/2.1.4/jakarta.activation-api-2.1.4.jar:/root/.m2/repository/net/minidev/json-smart/2.6.0/json-smart-2.6.0.jar:/root/.m2/repository/net/minidev/accessors-smart/2.6.0/accessors-smart-2.6.0.jar:/root/.m2/repository/org/ow2/asm/asm/9.7.1/asm-9.7.1.jar:/root/.m2/repository/org/assertj/assertj-core/3.27.4/assertj-core-3.27.4.jar:/root/.m2/repository/net/bytebuddy/byte-buddy/1.17.7/byte-buddy-1.17.7.jar:/root/.m2/repository/org/awaitility/awaitility/4.3.0/awaitility-4.3.0.jar:/root/.m2/repository/org/hamcrest/hamcrest/3.0/hamcrest-3.0.jar:/root/.m2/repository/org/junit/jupiter/junit-jupiter/5.13.4/junit-jupiter-5.13.4.jar:/root/.m2/repository/org/junit/jupiter/junit-jupiter-api/5.13.4/junit-jupiter-api-5.13.4.jar:/root/.m2/repository/org/opentest4j/opentest4j/1.3.0/opentest4j-1.3.0.jar:/root/.m2/repository/org/junit/platform/junit-platform-commons/1.13.4/junit-platform-commons-1.13.4.jar:/root/.m2/repository/org/apiguardian/apiguardian-api/1.1.2/apiguardian-api-1.1.2.jar:/root/.m2/repository/org/junit/jupiter/junit-jupiter-params/5.13.4/junit-jupiter-params-5.13.4.jar:/root/.m2/repository/org/junit/jupiter/junit-jupiter-engine/5.13.4/junit-jupiter-engine-5.13.4.jar:/root/.m2/repository/org/junit/platform/junit-platform-engine/1.13.4/junit-platform-engine-1.13.4.jar:/root/.m2/repository/org/mockito/mockito-core/5.19.0/mockito-core-5.19.0.jar:/root/.m2/repository/net/bytebuddy/byte-buddy-agent/1.17.7/byte-buddy-agent-1.17.7.jar:/root/.m2/repository/org/objenesis/objenesis/3.3/objenesis-3.3.jar:/root/.m2/repository/org/mockito/mockito-junit-jupiter/5.19.0/mockito-junit-jupiter-5.19.0.jar:/root/.m2/repository/org/skyscreamer/jsonassert/1.5.3/jsonassert-1.5.3.jar:/root/.m2/repository/com/vaadin/external/google/android-json/0.0.20131108.vaadin1/android-json-0.0.20131108.vaadin1.jar:/root/.m2/repository/org/springframework/spring-core/7.0.0-M9/spring-core-7.0.0-M9.jar:/root/.m2/repository/commons-logging/commons-logging/1.3.5/commons-logging-1.3.5.jar:/root/.m2/repository/org/jspecify/jspecify/1.0.0/jspecify-1.0.0.jar:/root/.m2/repository/org/springframework/spring-test/7.0.0-M9/spring-test-7.0.0-M9.jar:/root/.m2/repository/org/xmlunit/xmlunit-core/2.10.4/xmlunit-core-2.10.4.jar:/root/.m2/repository/org/springframework/security/spring-security-test/7.0.0-M3/spring-security-test-7.0.0-M3.jar:/root/.m2/repository/org/springframework/security/spring-security-core/7.0.0-M3/spring-security-core-7.0.0-M3.jar:/root/.m2/repository/org/springframework/security/spring-security-crypto/7.0.0-M3/spring-security-crypto-7.0.0-M3.jar:/root/.m2/repository/org/springframework/spring-expression/7.0.0-M9/spring-expression-7.0.0-M9.jar:/root/.m2/repository/io/micrometer/micrometer-observation/1.16.0-M3/micrometer-observation-1.16.0-M3.jar:/root/.m2/repository/io/micrometer/micrometer-commons/1.16.0-M3/micrometer-commons-1.16.0-M3.jar:/root/.m2/repository/org/springframework/security/spring-security-web/7.0.0-M3/spring-security-web-7.0.0-M3.jar:"/>
    <property name="sun.cpu.endian" value="little"/>
    <property name="user.home" value="/root"/>
    <property name="user.language" value="en"/>
    <property name="java.specification.vendor" value="Oracle Corporation"/>
    <property name="java.version.date" value="2025-09-16"/>
    <property name="java.home" value="/usr/lib/jvm/java-25-openjdk-amd64"/>
    <property name="file.separator" value="/"/>
    <property name="basedir" value="/home/vero/genShop"/>
    <property name="java.vm.compressedOopsMode" value="32-bit"/>
    <property name="line.separator" value="&#10;"/>
    <property name="java.vm.specification.vendor" value="Oracle Corporation"/>
    <property name="java.specification.name" value="Java Platform API Specification"/>
    <property name="FILE_LOG_CHARSET" value="UTF-8"/>
    <property name="java.awt.headless" value="true"/>
    <property name="surefire.real.class.path" value="/home/vero/genShop/target/surefire/surefirebooter-20251026181819558_3.jar"/>
    <property name="sun.management.compiler" value="HotSpot 64-Bit Tiered Compilers"/>
    <property name="java.runtime.version" value="25+36-Ubuntu-124.04.2"/>
    <property name="user.name" value="root"/>
    <property name="stdout.encoding" value="UTF-8"/>
    <property name="path.separator" value=":"/>
    <property name="os.version" value="6.6.87.2-microsoft-standard-WSL2"/>
    <property name="java.runtime.name" value="OpenJDK Runtime Environment"/>
    <property name="file.encoding" value="UTF-8"/>
    <property name="java.vm.name" value="OpenJDK 64-Bit Server VM"/>
    <property name="localRepository" value="/root/.m2/repository"/>
    <property name="java.vendor.url.bug" value="https://bugs.launchpad.net/ubuntu/+source/openjdk-25"/>
    <property name="java.io.tmpdir" value="/tmp"/>
    <property name="com.zaxxer.hikari.pool_number" value="1"/>
    <property name="java.version" value="25"/>
    <property name="user.dir" value="/home/vero/genShop"/>
    <property name="os.arch" value="amd64"/>
    <property name="java.vm.specification.name" value="Java Virtual Machine Specification"/>
    <property name="PID" value="39222"/>
    <property name="CONSOLE_LOG_CHARSET" value="UTF-8"/>
    <property name="native.encoding" value="UTF-8"/>
    <property name="java.library.path" value="/usr/java/packages/lib:/usr/lib/x86_64-linux-gnu/jni:/lib/x86_64-linux-gnu:/usr/lib/x86_64-linux-gnu:/usr/lib/jni:/lib:/usr/lib"/>
    <property name="java.vm.info" value="mixed mode, sharing"/>
    <property name="stderr.encoding" value="UTF-8"/>
    <property name="java.vendor" value="Ubuntu"/>
    <property name="java.vm.version" value="25+36-Ubuntu-124.04.2"/>
    <property name="stdin.encoding" value="UTF-8"/>
    <property name="sun.io.unicode.encoding" value="UnicodeLittle"/>
    <property name="java.class.version" value="69.0"/>
    <property name="LOGGED_APPLICATION_NAME" value="[genShop] "/>
  </properties>
  <testcase name="contextLoads" classname="com.example.genShop.GenShopApplicationTests" time="0.653">
    <system-out><![CDATA[18:18:20.775 [main] INFO org.springframework.test.context.support.AnnotationConfigContextLoaderUtils -- Could not detect default configuration classes for test class [com.example.genShop.GenShopApplicationTests]: GenShopApplicationTests does not declare any static, non-private, non-final, nested classes annotated with @Configuration.
18:18:20.968 [main] INFO org.springframework.boot.test.context.SpringBootTestContextBootstrapper -- Found @SpringBootConfiguration com.example.genShop.GenShopApplication for test class com.example.genShop.GenShopApplicationTests
18:18:21.201 [main] INFO org.springframework.boot.devtools.restart.RestartApplicationListener -- Restart disabled due to context in which it is running

  .   ____          _            __ _ _
 /\\ / ___'_ __ _ _(_)_ __  __ _ \ \ \ \
( ( )\___ | '_ | '_| | '_ \/ _` | \ \ \ \
 \\/  ___)| |_)| | | | | || (_| |  ) ) ) )
  '  |____| .__|_| |_|_| |_\__, | / / / /
 =========|_|==============|___/=/_/_/_/

 :: Spring Boot ::             (v4.0.0-M3)

2025-10-26T18:18:21.723+01:00  INFO 39222 --- [genShop] [           main] c.e.genShop.GenShopApplicationTests      : Starting GenShopApplicationTests using Java 25 with PID 39222 (started by root in /home/vero/genShop)
2025-10-26T18:18:21.727+01:00  INFO 39222 --- [genShop] [           main] c.e.genShop.GenShopApplicationTests      : The following 1 profile is active: "test"
2025-10-26T18:18:22.697+01:00  INFO 39222 --- [genShop] [           main] .s.d.r.c.RepositoryConfigurationDelegate : Bootstrapping Spring Data JPA repositories in DEFAULT mode.
2025-10-26T18:18:22.733+01:00  INFO 39222 --- [genShop] [           main] .s.d.r.c.RepositoryConfigurationDelegate : Finished Spring Data repository scanning in 22 ms. Found 0 JPA repository interfaces.
2025-10-26T18:18:23.551+01:00  INFO 39222 --- [genShop] [           main] o.hibernate.jpa.internal.util.LogHelper  : HHH000204: Processing PersistenceUnitInfo [name: default]
2025-10-26T18:18:23.665+01:00  INFO 39222 --- [genShop] [           main] org.hibernate.Version                    : HHH000412: Hibernate ORM core version 7.1.1.Final
2025-10-26T18:18:24.365+01:00  INFO 39222 --- [genShop] [           main] o.s.o.j.p.SpringPersistenceUnitInfo      : No LoadTimeWeaver setup: ignoring JPA class transformer
2025-10-26T18:18:24.436+01:00  INFO 39222 --- [genShop] [           main] com.zaxxer.hikari.HikariDataSource       : HikariPool-1 - Starting...
2025-10-26T18:18:26.360+01:00  INFO 39222 --- [genShop] [           main] com.zaxxer.hikari.pool.HikariPool        : HikariPool-1 - Added connection org.postgresql.jdbc.PgConnection@5bbf744b
2025-10-26T18:18:26.362+01:00  INFO 39222 --- [genShop] [           main] com.zaxxer.hikari.HikariDataSource       : HikariPool-1 - Start completed.
2025-10-26T18:18:26.439+01:00  WARN 39222 --- [genShop] [           main] org.hibernate.orm.deprecation            : HHH90000025: PostgreSQLDialect does not need to be specified explicitly using 'hibernate.dialect' (remove the property setting and it will be selected by default)
2025-10-26T18:18:26.679+01:00  INFO 39222 --- [genShop] [           main] org.hibernate.orm.connections.pooling    : HHH10001005: Database info:
	Database JDBC URL [jdbc:postgresql://dpg-d3sfese3jp1c738nl9sg-a.frankfurt-postgres.render.com/genshopdb]
	Database driver: PostgreSQL JDBC Driver
	Database dialect: PostgreSQLDialect
	Database version: 17.6
	Default catalog/schema: genshopdb/public
	Autocommit mode: undefined/unknown
	Isolation level: READ_COMMITTED [default READ_COMMITTED]
	JDBC fetch size: none
	Pool: DatasourceConnectionProviderImpl
	Minimum pool size: undefined/unknown
	Maximum pool size: undefined/unknown
2025-10-26T18:18:27.091+01:00  INFO 39222 --- [genShop] [           main] o.h.e.t.j.p.i.JtaPlatformInitiator       : HHH000490: Using JTA platform [org.hibernate.engine.transaction.jta.platform.internal.AtomikosJtaPlatform]
2025-10-26T18:18:27.105+01:00  INFO 39222 --- [genShop] [           main] j.LocalContainerEntityManagerFactoryBean : Initialized JPA EntityManagerFactory for persistence unit 'default'
2025-10-26T18:18:27.294+01:00  WARN 39222 --- [genShop] [           main] JpaBaseConfiguration$JpaWebConfiguration : spring.jpa.open-in-view is enabled by default. Therefore, database queries may be performed during view rendering. Explicitly configure spring.jpa.open-in-view to disable this warning
2025-10-26T18:18:27.737+01:00  WARN 39222 --- [genShop] [           main] ion$DefaultTemplateResolverConfiguration : Cannot find template location: classpath:/templates/ (please add some templates, check your Thymeleaf configuration, or set spring.thymeleaf.check-template-location=false)
2025-10-26T18:18:28.069+01:00  WARN 39222 --- [genShop] [           main] .a.s.UserDetailsServiceAutoConfiguration : 

Using generated security password: e7723d04-d55f-420d-8e72-44259b8523ac

This generated password is for development use only. Your security configuration must be updated before running your application in production.

2025-10-26T18:18:28.081+01:00  INFO 39222 --- [genShop] [           main] r$InitializeUserDetailsManagerConfigurer : Global AuthenticationManager configured with UserDetailsService bean with name inMemoryUserDetailsManager
2025-10-26T18:18:28.596+01:00  INFO 39222 --- [genShop] [           main] c.e.genShop.GenShopApplicationTests      : Started GenShopApplicationTests in 7.413 seconds (process running for 8.918)
]]></system-out>
    <system-err><![CDATA[Mockito is currently self-attaching to enable the inline-mock-maker. This will no longer work in future releases of the JDK. Please add Mockito as an agent to your build as described in Mockito's documentation: https://javadoc.io/doc/org.mockito/mockito-core/latest/org.mockito/org/mockito/Mockito.html#0.3
WARNING: A Java agent has been loaded dynamically (/root/.m2/repository/net/bytebuddy/byte-buddy-agent/1.17.7/byte-buddy-agent-1.17.7.jar)
WARNING: If a serviceability tool is in use, please run with -XX:+EnableDynamicAgentLoading to hide this warning
WARNING: If a serviceability tool is not in use, please run with -Djdk.instrument.traceUsage for more information
WARNING: Dynamic loading of agents will be disallowed by default in a future release
]]></system-err>
  </testcase>
</testsuite>